Performing C++ SOURCE FILE Test MISSING_OSTREAM_NULLPTR_OPERATOR failed with the following output:
Change Dir: /home/pengpeng/Ns-3/workspace-test/ns-3-dev/cmake-cache/CMakeFiles/CMakeTmp

Run Build Command(s):/usr/bin/gmake -f Makefile cmTC_03f38/fast && /usr/bin/gmake  -f CMakeFiles/cmTC_03f38.dir/build.make CMakeFiles/cmTC_03f38.dir/build
gmake[1]: Entering directory '/home/pengpeng/Ns-3/workspace-test/ns-3-dev/cmake-cache/CMakeFiles/CMakeTmp'
Building CXX object CMakeFiles/cmTC_03f38.dir/src.cxx.o
/usr/bin/c++ -DMISSING_OSTREAM_NULLPTR_OPERATOR  -fPIE -std=gnu++17 -o CMakeFiles/cmTC_03f38.dir/src.cxx.o -c /home/pengpeng/Ns-3/workspace-test/ns-3-dev/cmake-cache/CMakeFiles/CMakeTmp/src.cxx
/home/pengpeng/Ns-3/workspace-test/ns-3-dev/cmake-cache/CMakeFiles/CMakeTmp/src.cxx: In function ‘int main()’:
/home/pengpeng/Ns-3/workspace-test/ns-3-dev/cmake-cache/CMakeFiles/CMakeTmp/src.cxx:11:12: error: ambiguous overload for ‘operator<<’ (operand types are ‘std::ostream’ {aka ‘std::basic_ostream<char>’} and ‘std::nullptr_t’)
   11 |         os << std::nullptr_t();
In file included from /usr/include/c++/11/iostream:39,
                 from /home/pengpeng/Ns-3/workspace-test/ns-3-dev/cmake-cache/CMakeFiles/CMakeTmp/src.cxx:2:
/usr/include/c++/11/ostream:108:7: note: candidate: ‘std::basic_ostream<_CharT, _Traits>::__ostream_type& std::basic_ostream<_CharT, _Traits>::operator<<(std::basic_ostream<_CharT, _Traits>::__ostream_type& (*)(std::basic_ostream<_CharT, _Traits>::__ostream_type&)) [with _CharT = char; _Traits = std::char_traits<char>; std::basic_ostream<_CharT, _Traits>::__ostream_type = std::basic_ostream<char>]’
  108 |       operator<<(__ostream_type& (*__pf)(__ostream_type&))
      |       ^~~~~~~~
/usr/include/c++/11/ostream:117:7: note: candidate: ‘std::basic_ostream<_CharT, _Traits>::__ostream_type& std::basic_ostream<_CharT, _Traits>::operator<<(std::basic_ostream<_CharT, _Traits>::__ios_type& (*)(std::basic_ostream<_CharT, _Traits>::__ios_type&)) [with _CharT = char; _Traits = std::char_traits<char>; std::basic_ostream<_CharT, _Traits>::__ostream_type = std::basic_ostream<char>; std::basic_ostream<_CharT, _Traits>::__ios_type = std::basic_ios<char>]’
  117 |       operator<<(__ios_type& (*__pf)(__ios_type&))
      |       ^~~~~~~~
/usr/include/c++/11/ostream:127:7: note: candidate: ‘std::basic_ostream<_CharT, _Traits>::__ostream_type& std::basic_ostream<_CharT, _Traits>::operator<<(std::ios_base& (*)(std::ios_base&)) [with _CharT = char; _Traits = std::char_traits<char>; std::basic_ostream<_CharT, _Traits>::__ostream_type = std::basic_ostream<char>]’
  127 |       operator<<(ios_base& (*__pf) (ios_base&))
      |       ^~~~~~~~
/usr/include/c++/11/ostream:245:7: note: candidate: ‘std::basic_ostream<_CharT, _Traits>::__ostream_type& std::basic_ostream<_CharT, _Traits>::operator<<(const void*) [with _CharT = char; _Traits = std::char_traits<char>; std::basic_ostream<_CharT, _Traits>::__ostream_type = std::basic_ostream<char>]’
  245 |       operator<<(const void* __p)
      |       ^~~~~~~~
/usr/include/c++/11/ostream:250:7: note: candidate: ‘std::basic_ostream<_CharT, _Traits>::__ostream_type& std::basic_ostream<_CharT, _Traits>::operator<<(std::nullptr_t) [with _CharT = char; _Traits = std::char_traits<char>; std::basic_ostream<_CharT, _Traits>::__ostream_type = std::basic_ostream<char>; std::nullptr_t = std::nullptr_t]’
  250 |       operator<<(nullptr_t)
      |       ^~~~~~~~
In file included from /usr/include/c++/11/ostream:829,
                 from /usr/include/c++/11/iostream:39,
                 from /home/pengpeng/Ns-3/workspace-test/ns-3-dev/cmake-cache/CMakeFiles/CMakeTmp/src.cxx:2:
/usr/include/c++/11/bits/ostream.tcc:119:5: note: candidate: ‘std::basic_ostream<_CharT, _Traits>& std::basic_ostream<_CharT, _Traits>::operator<<(std::basic_ostream<_CharT, _Traits>::__streambuf_type*) [with _CharT = char; _Traits = std::char_traits<char>; std::basic_ostream<_CharT, _Traits>::__streambuf_type = std::basic_streambuf<char>]’
  119 |     basic_ostream<_CharT, _Traits>::
      |     ^~~~~~~~~~~~~~~~~~~~~~~~~~~~~~
/home/pengpeng/Ns-3/workspace-test/ns-3-dev/cmake-cache/CMakeFiles/CMakeTmp/src.cxx:4:26: note: candidate: ‘std::ostream& operator<<(std::ostream&, std::nullptr_t)’
    4 |     inline std::ostream& operator << (std::ostream& os, std::nullptr_t ptr)
      |                          ^~~~~~~~
gmake[1]: *** [CMakeFiles/cmTC_03f38.dir/build.make:78: CMakeFiles/cmTC_03f38.dir/src.cxx.o] Error 1
gmake[1]: Leaving directory '/home/pengpeng/Ns-3/workspace-test/ns-3-dev/cmake-cache/CMakeFiles/CMakeTmp'
gmake: *** [Makefile:127: cmTC_03f38/fast] Error 2


Source file was:

    #include <iostream>
    #include <cstddef>
    inline std::ostream& operator << (std::ostream& os, std::nullptr_t ptr)
    {
      return os << "nullptr"; //whatever you want nullptr to show up as in the console
    }
    int main()
    {
        std::ostream os(NULL);
        os << std::nullptr_t();
        return 0;
    }
    
Performing C++ SOURCE FILE Test HAVE_UINT128_T failed with the following output:
Change Dir: /home/pengpeng/Ns-3/workspace-test/ns-3-dev/cmake-cache/CMakeFiles/CMakeTmp

Run Build Command(s):/usr/bin/gmake -f Makefile cmTC_c4ff8/fast && /usr/bin/gmake  -f CMakeFiles/cmTC_c4ff8.dir/build.make CMakeFiles/cmTC_c4ff8.dir/build
gmake[1]: Entering directory '/home/pengpeng/Ns-3/workspace-test/ns-3-dev/cmake-cache/CMakeFiles/CMakeTmp'
Building CXX object CMakeFiles/cmTC_c4ff8.dir/src.cxx.o
/usr/bin/c++ -DHAVE_UINT128_T  -fPIE -std=gnu++17 -o CMakeFiles/cmTC_c4ff8.dir/src.cxx.o -c /home/pengpeng/Ns-3/workspace-test/ns-3-dev/cmake-cache/CMakeFiles/CMakeTmp/src.cxx
/home/pengpeng/Ns-3/workspace-test/ns-3-dev/cmake-cache/CMakeFiles/CMakeTmp/src.cxx: In function ‘int main(int, char**)’:
/home/pengpeng/Ns-3/workspace-test/ns-3-dev/cmake-cache/CMakeFiles/CMakeTmp/src.cxx:5:18: error: ‘uint128_t’ was not declared in this scope; did you mean ‘uint8_t’?
    5 |             if ((uint128_t *) 0) return 0;
      |                  ^~~~~~~~~
      |                  uint8_t
/home/pengpeng/Ns-3/workspace-test/ns-3-dev/cmake-cache/CMakeFiles/CMakeTmp/src.cxx:5:29: error: expected primary-expression before ‘)’ token
    5 |             if ((uint128_t *) 0) return 0;
      |                             ^
/home/pengpeng/Ns-3/workspace-test/ns-3-dev/cmake-cache/CMakeFiles/CMakeTmp/src.cxx:5:30: error: expected ‘)’ before numeric constant
    5 |             if ((uint128_t *) 0) return 0;
      |                ~             ^~
      |                              )
/home/pengpeng/Ns-3/workspace-test/ns-3-dev/cmake-cache/CMakeFiles/CMakeTmp/src.cxx:6:25: error: ‘uint128_t’ was not declared in this scope; did you mean ‘uint8_t’?
    6 |             if (sizeof (uint128_t)) return 0;
      |                         ^~~~~~~~~
      |                         uint8_t
gmake[1]: *** [CMakeFiles/cmTC_c4ff8.dir/build.make:78: CMakeFiles/cmTC_c4ff8.dir/src.cxx.o] Error 1
gmake[1]: Leaving directory '/home/pengpeng/Ns-3/workspace-test/ns-3-dev/cmake-cache/CMakeFiles/CMakeTmp'
gmake: *** [Makefile:127: cmTC_c4ff8/fast] Error 2


Source file was:
#include <stdint.h>
       int main(int argc, char **argv)
         {
            (void)argc; (void)argv;
            if ((uint128_t *) 0) return 0;
            if (sizeof (uint128_t)) return 0;
            return 1;
         }
Determining if the include file net/netmap_user.h exists failed with the following output:
Change Dir: /home/pengpeng/Ns-3/workspace-test/ns-3-dev/cmake-cache/CMakeFiles/CMakeTmp

Run Build Command(s):/usr/bin/gmake -f Makefile cmTC_b942e/fast && /usr/bin/gmake  -f CMakeFiles/cmTC_b942e.dir/build.make CMakeFiles/cmTC_b942e.dir/build
gmake[1]: Entering directory '/home/pengpeng/Ns-3/workspace-test/ns-3-dev/cmake-cache/CMakeFiles/CMakeTmp'
Building C object CMakeFiles/cmTC_b942e.dir/CheckIncludeFile.c.o
/usr/bin/cc   -fPIE -o CMakeFiles/cmTC_b942e.dir/CheckIncludeFile.c.o -c /home/pengpeng/Ns-3/workspace-test/ns-3-dev/cmake-cache/CMakeFiles/CMakeTmp/CheckIncludeFile.c
/home/pengpeng/Ns-3/workspace-test/ns-3-dev/cmake-cache/CMakeFiles/CMakeTmp/CheckIncludeFile.c:1:10: fatal error: net/netmap_user.h: No such file or directory
    1 | #include <net/netmap_user.h>
      |          ^~~~~~~~~~~~~~~~~~~
compilation terminated.
gmake[1]: *** [CMakeFiles/cmTC_b942e.dir/build.make:78: CMakeFiles/cmTC_b942e.dir/CheckIncludeFile.c.o] Error 1
gmake[1]: Leaving directory '/home/pengpeng/Ns-3/workspace-test/ns-3-dev/cmake-cache/CMakeFiles/CMakeTmp'
gmake: *** [Makefile:127: cmTC_b942e/fast] Error 2



